Using pre-set license

 COMMAND LINE ARGUMENTS:
/Applications/Unity/Hub/Editor/2020.3.4f1/Unity.app/Contents/MacOS/Unity
-adb2
-batchMode
-noUpm
-name
AssetImportWorker0
-projectPath
/Users/ramon/Documents/unity/Cunamex/the_light_beyond_the_dark
-logFile
Logs/AssetImportWorker0.log
-srvPort
57366
Successfully changed project path to: /Users/ramon/Documents/unity/Cunamex/the_light_beyond_the_dark
/Users/ramon/Documents/unity/Cunamex/the_light_beyond_the_dark
Using Asset Import Pipeline V2.
Refreshing native plugins compatible for Editor in 34.08 ms, found 1 plugins.
Preloading 0 native plugins for Editor in 0.00 ms.
Initialize engine version: 2020.3.4f1 (0abb6314276a)
[Subsystems] Discovering subsystems at path /Applications/Unity/Hub/Editor/2020.3.4f1/Unity.app/Contents/Resources/UnitySubsystems
[Subsystems] Discovering subsystems at path /Users/ramon/Documents/unity/Cunamex/the_light_beyond_the_dark/Assets
GfxDevice: creating device client; threaded=0
2021-04-22 18:24:33.113 Unity[23421:418762] Color LCD preferred device: Intel(R) Iris(TM) Plus Graphics 655 (low power)
2021-04-22 18:24:33.113 Unity[23421:418762] Metal devices available: 1
2021-04-22 18:24:33.113 Unity[23421:418762] 0: Intel(R) Iris(TM) Plus Graphics 655 (low power)
2021-04-22 18:24:33.113 Unity[23421:418762] Using device Intel(R) Iris(TM) Plus Graphics 655 (low power)
Initializing Metal device caps: Intel(R) Iris(TM) Plus Graphics 655
Initialize mono
Mono path[0] = '/Applications/Unity/Hub/Editor/2020.3.4f1/Unity.app/Contents/Managed'
Mono path[1] = '/Applications/Unity/Hub/Editor/2020.3.4f1/Unity.app/Contents/MonoBleedingEdge/lib/mono/unityjit'
Mono config path = '/Applications/Unity/Hub/Editor/2020.3.4f1/Unity.app/Contents/MonoBleedingEdge/etc'
Using monoOptions --debugger-agent=transport=dt_socket,embedding=1,server=y,suspend=n,address=127.0.0.1:56421
Begin MonoManager ReloadAssembly
Registering precompiled unity dll's ...
Register platform support module: /Applications/Unity/Hub/Editor/2020.3.4f1/PlaybackEngines/WebGLSupport/UnityEditor.WebGL.Extensions.dll
Register platform support module: /Applications/Unity/Hub/Editor/2020.3.4f1/Unity.app/Contents/PlaybackEngines/MacStandaloneSupport/UnityEditor.OSXStandalone.Extensions.dll
Registered in 0.000641 seconds.
Native extension for OSXStandalone target not found
Native extension for WebGL target not found
Refreshing native plugins compatible for Editor in 34.48 ms, found 1 plugins.
Preloading 0 native plugins for Editor in 0.00 ms.
Mono: successfully reloaded assembly
- Completed reload, in  3.451 seconds
Platform modules already initialized, skipping
Registering precompiled user dll's ...
Registered in 0.000440 seconds.
Begin MonoManager ReloadAssembly
Native extension for OSXStandalone target not found
Native extension for WebGL target not found
Refreshing native plugins compatible for Editor in 0.41 ms, found 1 plugins.
Preloading 0 native plugins for Editor in 0.00 ms.
Mono: successfully reloaded assembly
- Completed reload, in  1.096 seconds
Platform modules already initialized, skipping
========================================================================
Worker process is ready to serve import requests
Launching external process: /Applications/Unity/Hub/Editor/2020.3.4f1/Unity.app/Contents/Tools/UnityShaderCompiler
Launched and connected shader compiler UnityShaderCompiler after 0.01 seconds
Refreshing native plugins compatible for Editor in 0.41 ms, found 1 plugins.
Preloading 0 native plugins for Editor in 0.00 ms.
Unloading 1739 Unused Serialized files (Serialized files now loaded: 0)
System memory in use before: 243.4 MB.
System memory in use after: 243.4 MB.

Unloading 82 unused Assets to reduce memory usage. Loaded Objects now: 2204.
Total: 2.752207 ms (FindLiveObjects: 0.308641 ms CreateObjectMapping: 0.148221 ms MarkObjects: 2.099922 ms  DeleteObjects: 0.194026 ms)

========================================================================
Received Import Request.
  path: Assets/AllSkyFree/Cold Sunset/Cold Sunset Equirect.png
  artifactKey: Guid(6fa3f446deee84c52aec507bd0aca28c) Importer(815301076,1909f56bfc062723c751e8b465ee728b)
Start importing Assets/AllSkyFree/Cold Sunset/Cold Sunset Equirect.png using Guid(6fa3f446deee84c52aec507bd0aca28c) Importer(815301076,1909f56bfc062723c751e8b465ee728b)  -> (artifact id: 'e1171c5a29b49bbbed9584111535991b') in 0.610746 seconds
  Import took 0.618592 seconds .

========================================================================
Received Import Request.
  Time since last request: 0.000239 seconds.
  path: Assets/AllSkyFree/Cold Sunset/Materials/Cold Sunset Equirect.mat
  artifactKey: Guid(94df0757d051b411c9119a5143b293be) Importer(815301076,1909f56bfc062723c751e8b465ee728b)
Start importing Assets/AllSkyFree/Cold Sunset/Materials/Cold Sunset Equirect.mat using Guid(94df0757d051b411c9119a5143b293be) Importer(815301076,1909f56bfc062723c751e8b465ee728b)  -> (artifact id: 'bf4847e71204261ec738bdc238807952') in 0.467283 seconds
  Import took 0.471251 seconds .

========================================================================
Received Import Request.
  Time since last request: 55.821967 seconds.
  path: Assets/Shared/Environment/Materials/ConcreteFloor.mat
  artifactKey: Guid(21c505286c5bbe045a472bee261889e8) Importer(815301076,1909f56bfc062723c751e8b465ee728b)
Start importing Assets/Shared/Environment/Materials/ConcreteFloor.mat using Guid(21c505286c5bbe045a472bee261889e8) Importer(815301076,1909f56bfc062723c751e8b465ee728b)  -> (artifact id: '81448a8ff346528d6091a2229373d1c8') in 0.512561 seconds
  Import took 0.517652 seconds .

========================================================================
Received Import Request.
  Time since last request: 0.000180 seconds.
  path: Assets/Shared/Environment/Materials/MetalRailing.mat
  artifactKey: Guid(50d6c6916e743b64c8b4e4282f2c9603) Importer(815301076,1909f56bfc062723c751e8b465ee728b)
Start importing Assets/Shared/Environment/Materials/MetalRailing.mat using Guid(50d6c6916e743b64c8b4e4282f2c9603) Importer(815301076,1909f56bfc062723c751e8b465ee728b)  -> (artifact id: '254912d55d0c41c673c8e1926c1e586b') in 0.248632 seconds
  Import took 0.252232 seconds .

========================================================================
Received Import Request.
  Time since last request: 0.000172 seconds.
  path: Assets/Shared/Environment/Materials/Skybox.mat
  artifactKey: Guid(d1385980456cd2044b282d73625457db) Importer(815301076,1909f56bfc062723c751e8b465ee728b)
Start importing Assets/Shared/Environment/Materials/Skybox.mat using Guid(d1385980456cd2044b282d73625457db) Importer(815301076,1909f56bfc062723c751e8b465ee728b)  -> (artifact id: '479e2cfca76f490267b0de11a0b16271') in 0.134973 seconds
  Import took 0.138156 seconds .

========================================================================
Received Import Request.
  Time since last request: 0.000179 seconds.
  path: Assets/Shared/Environment/Materials/MetalTrim.mat
  artifactKey: Guid(e0f11b1a7337400468c12894fc7c4cec) Importer(815301076,1909f56bfc062723c751e8b465ee728b)
Start importing Assets/Shared/Environment/Materials/MetalTrim.mat using Guid(e0f11b1a7337400468c12894fc7c4cec) Importer(815301076,1909f56bfc062723c751e8b465ee728b)  -> (artifact id: 'e04fc7aba91162a4fcdcfa11aa4e75c2') in 0.321076 seconds
  Import took 0.324156 seconds .

========================================================================
Received Import Request.
  Time since last request: 0.000182 seconds.
  path: Assets/Shared/Environment/Materials/ConcreteWall.mat
  artifactKey: Guid(f9c717e11fb192c4aa958181f2ebc67a) Importer(815301076,1909f56bfc062723c751e8b465ee728b)
Start importing Assets/Shared/Environment/Materials/ConcreteWall.mat using Guid(f9c717e11fb192c4aa958181f2ebc67a) Importer(815301076,1909f56bfc062723c751e8b465ee728b)  -> (artifact id: 'c66e0ee955a2cd4cf3bee047b6ab9525') in 0.080148 seconds
  Import took 0.086170 seconds .

========================================================================
Received Import Request.
  Time since last request: 0.000225 seconds.
  path: Assets/Shared/Environment/Materials/ShadowCaster.mat
  artifactKey: Guid(a7fc4133adf16c3409305f2ee9ed4ea8) Importer(815301076,1909f56bfc062723c751e8b465ee728b)
Start importing Assets/Shared/Environment/Materials/ShadowCaster.mat using Guid(a7fc4133adf16c3409305f2ee9ed4ea8) Importer(815301076,1909f56bfc062723c751e8b465ee728b)  -> (artifact id: '236ab6f081af19249912372519d7811f') in 0.027416 seconds
  Import took 0.031143 seconds .

========================================================================
Received Import Request.
  Time since last request: 0.000188 seconds.
  path: Assets/Shared/Environment/Materials/LinesWhite.mat
  artifactKey: Guid(09d2711cb134c78409078c4645fae1cd) Importer(815301076,1909f56bfc062723c751e8b465ee728b)
Start importing Assets/Shared/Environment/Materials/LinesWhite.mat using Guid(09d2711cb134c78409078c4645fae1cd) Importer(815301076,1909f56bfc062723c751e8b465ee728b)  -> (artifact id: '81212d7816bc65bef1c46732e6e9d375') in 0.399522 seconds
  Import took 0.402153 seconds .

========================================================================
Received Import Request.
  Time since last request: 0.000176 seconds.
  path: Assets/Shared/Environment/Materials/UnityLogo.mat
  artifactKey: Guid(8673c144bddc0f748bf22b12b37a8308) Importer(815301076,1909f56bfc062723c751e8b465ee728b)
Start importing Assets/Shared/Environment/Materials/UnityLogo.mat using Guid(8673c144bddc0f748bf22b12b37a8308) Importer(815301076,1909f56bfc062723c751e8b465ee728b)  -> (artifact id: '777bba6f57af52f9b570c30347c06f4c') in 0.285281 seconds
  Import took 0.289090 seconds .

========================================================================
Received Import Request.
  Time since last request: 0.000419 seconds.
  path: Assets/Shared/Environment/Materials/Light.mat
  artifactKey: Guid(47fbc90daa91ab541984ebd9f72db2d4) Importer(815301076,1909f56bfc062723c751e8b465ee728b)
Start importing Assets/Shared/Environment/Materials/Light.mat using Guid(47fbc90daa91ab541984ebd9f72db2d4) Importer(815301076,1909f56bfc062723c751e8b465ee728b)  -> (artifact id: '78d0c39099320028140ca38ee347a18d') in 0.164636 seconds
  Import took 0.226059 seconds .

========================================================================
Received Import Request.
  Time since last request: 37.109563 seconds.
  path: Assets/Samples/Terrain Tools/0.1.0-preview/Terrain Assets/TerrainTextures/moss_mask.tif
  artifactKey: Guid(ff77b812a1621e74694371cb173618ef) Importer(815301076,1909f56bfc062723c751e8b465ee728b)
Start importing Assets/Samples/Terrain Tools/0.1.0-preview/Terrain Assets/TerrainTextures/moss_mask.tif using Guid(ff77b812a1621e74694371cb173618ef) Importer(815301076,1909f56bfc062723c751e8b465ee728b)  -> (artifact id: 'd6e16e8ba595f48ee7afa7ea2df5bb72') in 0.454751 seconds
  Import took 0.459095 seconds .

========================================================================
Received Import Request.
  Time since last request: 0.000247 seconds.
  path: Assets/Samples/Terrain Tools/0.1.0-preview/Terrain Assets/TerrainTextures/scree_mask.tif
  artifactKey: Guid(e2a486d7d86a7e8469b15e7ae4d004f0) Importer(815301076,1909f56bfc062723c751e8b465ee728b)
Start importing Assets/Samples/Terrain Tools/0.1.0-preview/Terrain Assets/TerrainTextures/scree_mask.tif using Guid(e2a486d7d86a7e8469b15e7ae4d004f0) Importer(815301076,1909f56bfc062723c751e8b465ee728b)  -> (artifact id: 'ff23c9b82ef36c9f48fe3b25a385000a') in 0.012052 seconds
  Import took 0.015310 seconds .

========================================================================
Received Import Request.
  Time since last request: 0.000396 seconds.
  path: Assets/Samples/Terrain Tools/0.1.0-preview/Terrain Assets/TerrainTextures/snow_mask.tif
  artifactKey: Guid(1a4d9960438e8f242a5155b27813efe9) Importer(815301076,1909f56bfc062723c751e8b465ee728b)
Start importing Assets/Samples/Terrain Tools/0.1.0-preview/Terrain Assets/TerrainTextures/snow_mask.tif using Guid(1a4d9960438e8f242a5155b27813efe9) Importer(815301076,1909f56bfc062723c751e8b465ee728b)  -> (artifact id: '2bff8cc785b1d760680a9f17be965f21') in 0.032771 seconds
  Import took 0.037892 seconds .

========================================================================
Received Import Request.
  Time since last request: 0.000274 seconds.
  path: Assets/Samples/Terrain Tools/0.1.0-preview/Terrain Assets/TerrainTextures/rock_mask.tif
  artifactKey: Guid(44f7e6aa71506b041ac0a60db8868a44) Importer(815301076,1909f56bfc062723c751e8b465ee728b)
Start importing Assets/Samples/Terrain Tools/0.1.0-preview/Terrain Assets/TerrainTextures/rock_mask.tif using Guid(44f7e6aa71506b041ac0a60db8868a44) Importer(815301076,1909f56bfc062723c751e8b465ee728b)  -> (artifact id: '5407668f662a6de8c24c673621adb71f') in 0.027338 seconds
  Import took 0.031677 seconds .

========================================================================
Received Prepare
Registering precompiled user dll's ...
Registered in 0.000470 seconds.
Begin MonoManager ReloadAssembly
Native extension for OSXStandalone target not found
Native extension for WebGL target not found
Refreshing native plugins compatible for Editor in 0.40 ms, found 1 plugins.
Preloading 0 native plugins for Editor in 0.00 ms.
Warning: Annotation not found!
UnityEngine.StackTraceUtility:ExtractStackTrace () (at /Users/bokken/buildslave/unity/build/Runtime/Export/Scripting/StackTrace.cs:37)
UnityEditor.ProBuilder.EditorUtility:SetGizmoIconEnabled (System.Type,bool) (at /Users/ramon/Documents/unity/Cunamex/Proyecto Recuperado 2/Library/PackageCache/com.unity.probuilder@4.5.0/Editor/EditorCore/EditorUtility.cs:593)
UnityEditor.ProBuilder.HierarchyListener:.cctor () (at /Users/ramon/Documents/unity/Cunamex/Proyecto Recuperado 2/Library/PackageCache/com.unity.probuilder@4.5.0/Editor/EditorCore/HierarchyListener.cs:21)
System.Runtime.CompilerServices.RuntimeHelpers:RunClassConstructor (System.RuntimeTypeHandle)
UnityEditor.EditorAssemblies:ProcessInitializeOnLoadAttributes (System.Type[]) (at /Users/bokken/buildslave/unity/build/Editor/Mono/EditorAssemblies.cs:114)

[/Users/bokken/buildslave/unity/build/Runtime/Export/Scripting/StackTrace.cs line 37]

Mono: successfully reloaded assembly
- Completed reload, in  0.988 seconds
Platform modules already initialized, skipping
Refreshing native plugins compatible for Editor in 0.38 ms, found 1 plugins.
Preloading 0 native plugins for Editor in 0.00 ms.
Unloading 1660 Unused Serialized files (Serialized files now loaded: 0)
System memory in use before: 255.3 MB.
System memory in use after: 255.3 MB.

Unloading 9 unused Assets to reduce memory usage. Loaded Objects now: 2250.
Total: 2.194820 ms (FindLiveObjects: 0.283227 ms CreateObjectMapping: 0.069905 ms MarkObjects: 1.747036 ms  DeleteObjects: 0.093744 ms)

